# JRE version: Java(TM) SE Runtime Environment (8.0_60-b27) (build 1.8.0_60-b27)
# Java VM: Java HotSpot(TM) 64-Bit Server VM (25.60-b23 mixed mode linux-amd64 compressed oops)
Heap:
 PSYoungGen      total 220672K, used 13890K [0x00000000ebd00000, 0x0000000100000000, 0x0000000100000000)
  eden space 110592K, 0% used [0x00000000ebd00000,0x00000000ebd00000,0x00000000f2900000)
  from space 110080K, 12% used [0x00000000f2900000,0x00000000f3690b58,0x00000000f9480000)
  to   space 110080K, 0% used [0x00000000f9480000,0x00000000f9480000,0x0000000100000000)
 ParOldGen       total 536064K, used 535948K [0x00000000c3600000, 0x00000000e4180000, 0x00000000ebd00000)
  object space 536064K, 99% used [0x00000000c3600000,0x00000000e41630f8,0x00000000e4180000)
 Metaspace       used 3985K, capacity 4636K, committed 4864K, reserved 1056768K
  class space    used 438K, capacity 460K, committed 512K, reserved 1048576K
GC Heap History (10 events):
Event: 69,140 GC heap after
Heap after GC invocations=44 (full 5):
 PSYoungGen      total 215040K, used 83968K [0x00000000ebd00000, 0x0000000100000000, 0x0000000100000000)
  eden space 120320K, 0% used [0x00000000ebd00000,0x00000000ebd00000,0x00000000f3280000)
  from space 94720K, 88% used [0x00000000f3280000,0x00000000f8480020,0x00000000f8f00000)
  to   space 106496K, 0% used [0x00000000f9800000,0x00000000f9800000,0x0000000100000000)
 ParOldGen       total 522752K, used 440633K [0x00000000c3600000, 0x00000000e3480000, 0x00000000ebd00000)
  object space 522752K, 84% used [0x00000000c3600000,0x00000000de44e638,0x00000000e3480000)
 Metaspace       used 3985K, capacity 4636K, committed 4864K, reserved 1056768K
  class space    used 438K, capacity 460K, committed 512K, reserved 1048576K
}
Event: 69,274 GC heap before
{Heap before GC invocations=45 (full 5):
 PSYoungGen      total 215040K, used 204288K [0x00000000ebd00000, 0x0000000100000000, 0x0000000100000000)
  eden space 120320K, 100% used [0x00000000ebd00000,0x00000000f3280000,0x00000000f3280000)
  from space 94720K, 88% used [0x00000000f3280000,0x00000000f8480020,0x00000000f8f00000)
  to   space 106496K, 0% used [0x00000000f9800000,0x00000000f9800000,0x0000000100000000)
 ParOldGen       total 522752K, used 440633K [0x00000000c3600000, 0x00000000e3480000, 0x00000000ebd00000)
  object space 522752K, 84% used [0x00000000c3600000,0x00000000de44e638,0x00000000e3480000)
 Metaspace       used 3985K, capacity 4636K, committed 4864K, reserved 1056768K
  class space    used 438K, capacity 460K, committed 512K, reserved 1048576K
Event: 69,419 GC heap after
Heap after GC invocations=45 (full 5):
 PSYoungGen      total 217088K, used 95008K [0x00000000ebd00000, 0x0000000100000000, 0x0000000100000000)
  eden space 110592K, 0% used [0x00000000ebd00000,0x00000000ebd00000,0x00000000f2900000)
  from space 106496K, 89% used [0x00000000f9800000,0x00000000ff4c8020,0x0000000100000000)
  to   space 110080K, 0% used [0x00000000f2900000,0x00000000f2900000,0x00000000f9480000)
 ParOldGen       total 522752K, used 440633K [0x00000000c3600000, 0x00000000e3480000, 0x00000000ebd00000)
  object space 522752K, 84% used [0x00000000c3600000,0x00000000de44e638,0x00000000e3480000)
 Metaspace       used 3985K, capacity 4636K, committed 4864K, reserved 1056768K
  class space    used 438K, capacity 460K, committed 512K, reserved 1048576K
}
Event: 69,547 GC heap before
{Heap before GC invocations=46 (full 5):
 PSYoungGen      total 217088K, used 205600K [0x00000000ebd00000, 0x0000000100000000, 0x0000000100000000)
  eden space 110592K, 100% used [0x00000000ebd00000,0x00000000f2900000,0x00000000f2900000)
  from space 106496K, 89% used [0x00000000f9800000,0x00000000ff4c8020,0x0000000100000000)
  to   space 110080K, 0% used [0x00000000f2900000,0x00000000f2900000,0x00000000f9480000)
 ParOldGen       total 522752K, used 440633K [0x00000000c3600000, 0x00000000e3480000, 0x00000000ebd00000)
  object space 522752K, 84% used [0x00000000c3600000,0x00000000de44e638,0x00000000e3480000)
 Metaspace       used 3985K, capacity 4636K, committed 4864K, reserved 1056768K
  class space    used 438K, capacity 460K, committed 512K, reserved 1048576K
Event: 69,715 GC heap after
Heap after GC invocations=46 (full 5):
 PSYoungGen      total 220672K, used 84160K [0x00000000ebd00000, 0x0000000100000000, 0x0000000100000000)
  eden space 110592K, 0% used [0x00000000ebd00000,0x00000000ebd00000,0x00000000f2900000)
  from space 110080K, 76% used [0x00000000f2900000,0x00000000f7b30020,0x00000000f9480000)
  to   space 110080K, 0% used [0x00000000f9480000,0x00000000f9480000,0x0000000100000000)
 ParOldGen       total 522752K, used 462329K [0x00000000c3600000, 0x00000000e3480000, 0x00000000ebd00000)
  object space 522752K, 88% used [0x00000000c3600000,0x00000000df97e638,0x00000000e3480000)
 Metaspace       used 3985K, capacity 4636K, committed 4864K, reserved 1056768K
  class space    used 438K, capacity 460K, committed 512K, reserved 1048576K
}
Event: 70,221 GC heap before
{Heap before GC invocations=47 (full 5):
 PSYoungGen      total 220672K, used 194752K [0x00000000ebd00000, 0x0000000100000000, 0x0000000100000000)
  eden space 110592K, 100% used [0x00000000ebd00000,0x00000000f2900000,0x00000000f2900000)
  from space 110080K, 76% used [0x00000000f2900000,0x00000000f7b30020,0x00000000f9480000)
  to   space 110080K, 0% used [0x00000000f9480000,0x00000000f9480000,0x0000000100000000)
 ParOldGen       total 522752K, used 462329K [0x00000000c3600000, 0x00000000e3480000, 0x00000000ebd00000)
  object space 522752K, 88% used [0x00000000c3600000,0x00000000df97e638,0x00000000e3480000)
 Metaspace       used 3985K, capacity 4636K, committed 4864K, reserved 1056768K
  class space    used 438K, capacity 460K, committed 512K, reserved 1048576K
Event: 73,343 GC heap after
Heap after GC invocations=47 (full 5):
 PSYoungGen      total 220672K, used 72832K [0x00000000ebd00000, 0x0000000100000000, 0x0000000100000000)
  eden space 110592K, 0% used [0x00000000ebd00000,0x00000000ebd00000,0x00000000f2900000)
  from space 110080K, 66% used [0x00000000f9480000,0x00000000fdba0020,0x0000000100000000)
  to   space 110080K, 0% used [0x00000000f2900000,0x00000000f2900000,0x00000000f9480000)
 ParOldGen       total 522752K, used 484177K [0x00000000c3600000, 0x00000000e3480000, 0x00000000ebd00000)
  object space 522752K, 92% used [0x00000000c3600000,0x00000000e0ed4638,0x00000000e3480000)
 Metaspace       used 3985K, capacity 4636K, committed 4864K, reserved 1056768K
  class space    used 438K, capacity 460K, committed 512K, reserved 1048576K
}
Event: 74,227 GC heap before
{Heap before GC invocations=48 (full 5):
 PSYoungGen      total 220672K, used 183424K [0x00000000ebd00000, 0x0000000100000000, 0x0000000100000000)
  eden space 110592K, 100% used [0x00000000ebd00000,0x00000000f2900000,0x00000000f2900000)
  from space 110080K, 66% used [0x00000000f9480000,0x00000000fdba0020,0x0000000100000000)
  to   space 110080K, 0% used [0x00000000f2900000,0x00000000f2900000,0x00000000f9480000)
 ParOldGen       total 522752K, used 484177K [0x00000000c3600000, 0x00000000e3480000, 0x00000000ebd00000)
  object space 522752K, 92% used [0x00000000c3600000,0x00000000e0ed4638,0x00000000e3480000)
 Metaspace       used 3985K, capacity 4636K, committed 4864K, reserved 1056768K
  class space    used 438K, capacity 460K, committed 512K, reserved 1048576K
Event: 74,384 GC heap after
Heap after GC invocations=48 (full 5):
 PSYoungGen      total 220672K, used 31360K [0x00000000ebd00000, 0x0000000100000000, 0x0000000100000000)
  eden space 110592K, 0% used [0x00000000ebd00000,0x00000000ebd00000,0x00000000f2900000)
  from space 110080K, 28% used [0x00000000f2900000,0x00000000f47a0000,0x00000000f9480000)
  to   space 110080K, 0% used [0x00000000f9480000,0x00000000f9480000,0x0000000100000000)
 ParOldGen       total 536064K, used 535777K [0x00000000c3600000, 0x00000000e4180000, 0x00000000ebd00000)
  object space 536064K, 99% used [0x00000000c3600000,0x00000000e4138658,0x00000000e4180000)
 Metaspace       used 3985K, capacity 4636K, committed 4864K, reserved 1056768K
  class space    used 438K, capacity 460K, committed 512K, reserved 1048576K
}
Event: 74,761 GC heap before
{Heap before GC invocations=49 (full 6):
 PSYoungGen      total 220672K, used 31360K [0x00000000ebd00000, 0x0000000100000000, 0x0000000100000000)
  eden space 110592K, 0% used [0x00000000ebd00000,0x00000000ebd00000,0x00000000f2900000)
  from space 110080K, 28% used [0x00000000f2900000,0x00000000f47a0000,0x00000000f9480000)
  to   space 110080K, 0% used [0x00000000f9480000,0x00000000f9480000,0x0000000100000000)
 ParOldGen       total 536064K, used 535777K [0x00000000c3600000, 0x00000000e4180000, 0x00000000ebd00000)
  object space 536064K, 99% used [0x00000000c3600000,0x00000000e4138658,0x00000000e4180000)
 Metaspace       used 3985K, capacity 4636K, committed 4864K, reserved 1056768K
  class space    used 438K, capacity 460K, committed 512K, reserved 1048576K

