# JRE version: Java(TM) SE Runtime Environment (8.0_60-b27) (build 1.8.0_60-b27)
# Java VM: Java HotSpot(TM) 64-Bit Server VM (25.60-b23 mixed mode linux-amd64 compressed oops)
Heap:
 PSYoungGen      total 220672K, used 27932K [0x00000000ebd00000, 0x0000000100000000, 0x0000000100000000)
  eden space 110592K, 0% used [0x00000000ebd00000,0x00000000ebd00000,0x00000000f2900000)
  from space 110080K, 25% used [0x00000000f9480000,0x00000000fafc70f8,0x0000000100000000)
  to   space 110080K, 0% used [0x00000000f2900000,0x00000000f2900000,0x00000000f9480000)
 ParOldGen       total 509440K, used 508943K [0x00000000c3600000, 0x00000000e2780000, 0x00000000ebd00000)
  object space 509440K, 99% used [0x00000000c3600000,0x00000000e2703e10,0x00000000e2780000)
 Metaspace       used 3980K, capacity 4636K, committed 4864K, reserved 1056768K
  class space    used 438K, capacity 460K, committed 512K, reserved 1048576K
GC Heap History (10 events):
Event: 25,808 GC heap after
Heap after GC invocations=43 (full 5):
 PSYoungGen      total 218624K, used 43648K [0x00000000ebd00000, 0x00000000ff180000, 0x0000000100000000)
  eden space 121344K, 0% used [0x00000000ebd00000,0x00000000ebd00000,0x00000000f3380000)
  from space 97280K, 44% used [0x00000000f8f80000,0x00000000fba20000,0x00000000fee80000)
  to   space 94208K, 0% used [0x00000000f3380000,0x00000000f3380000,0x00000000f8f80000)
 ParOldGen       total 509440K, used 437254K [0x00000000c3600000, 0x00000000e2780000, 0x00000000ebd00000)
  object space 509440K, 85% used [0x00000000c3600000,0x00000000de101b98,0x00000000e2780000)
 Metaspace       used 3980K, capacity 4636K, committed 4864K, reserved 1056768K
  class space    used 438K, capacity 460K, committed 512K, reserved 1048576K
}
Event: 26,069 GC heap before
{Heap before GC invocations=44 (full 5):
 PSYoungGen      total 218624K, used 164992K [0x00000000ebd00000, 0x00000000ff180000, 0x0000000100000000)
  eden space 121344K, 100% used [0x00000000ebd00000,0x00000000f3380000,0x00000000f3380000)
  from space 97280K, 44% used [0x00000000f8f80000,0x00000000fba20000,0x00000000fee80000)
  to   space 94208K, 0% used [0x00000000f3380000,0x00000000f3380000,0x00000000f8f80000)
 ParOldGen       total 509440K, used 437254K [0x00000000c3600000, 0x00000000e2780000, 0x00000000ebd00000)
  object space 509440K, 85% used [0x00000000c3600000,0x00000000de101b98,0x00000000e2780000)
 Metaspace       used 3980K, capacity 4636K, committed 4864K, reserved 1056768K
  class space    used 438K, capacity 460K, committed 512K, reserved 1048576K
Event: 26,239 GC heap after
Heap after GC invocations=44 (full 5):
 PSYoungGen      total 215552K, used 84416K [0x00000000ebd00000, 0x0000000100000000, 0x0000000100000000)
  eden space 121344K, 0% used [0x00000000ebd00000,0x00000000ebd00000,0x00000000f3380000)
  from space 94208K, 89% used [0x00000000f3380000,0x00000000f85f0020,0x00000000f8f80000)
  to   space 106496K, 0% used [0x00000000f9800000,0x00000000f9800000,0x0000000100000000)
 ParOldGen       total 509440K, used 437254K [0x00000000c3600000, 0x00000000e2780000, 0x00000000ebd00000)
  object space 509440K, 85% used [0x00000000c3600000,0x00000000de101b98,0x00000000e2780000)
 Metaspace       used 3980K, capacity 4636K, committed 4864K, reserved 1056768K
  class space    used 438K, capacity 460K, committed 512K, reserved 1048576K
}
Event: 26,382 GC heap before
{Heap before GC invocations=45 (full 5):
 PSYoungGen      total 215552K, used 205760K [0x00000000ebd00000, 0x0000000100000000, 0x0000000100000000)
  eden space 121344K, 100% used [0x00000000ebd00000,0x00000000f3380000,0x00000000f3380000)
  from space 94208K, 89% used [0x00000000f3380000,0x00000000f85f0020,0x00000000f8f80000)
  to   space 106496K, 0% used [0x00000000f9800000,0x00000000f9800000,0x0000000100000000)
 ParOldGen       total 509440K, used 437254K [0x00000000c3600000, 0x00000000e2780000, 0x00000000ebd00000)
  object space 509440K, 85% used [0x00000000c3600000,0x00000000de101b98,0x00000000e2780000)
 Metaspace       used 3980K, capacity 4636K, committed 4864K, reserved 1056768K
  class space    used 438K, capacity 460K, committed 512K, reserved 1048576K
Event: 26,533 GC heap after
Heap after GC invocations=45 (full 5):
 PSYoungGen      total 217088K, used 95168K [0x00000000ebd00000, 0x0000000100000000, 0x0000000100000000)
  eden space 110592K, 0% used [0x00000000ebd00000,0x00000000ebd00000,0x00000000f2900000)
  from space 106496K, 89% used [0x00000000f9800000,0x00000000ff4f0020,0x0000000100000000)
  to   space 110080K, 0% used [0x00000000f2900000,0x00000000f2900000,0x00000000f9480000)
 ParOldGen       total 509440K, used 437254K [0x00000000c3600000, 0x00000000e2780000, 0x00000000ebd00000)
  object space 509440K, 85% used [0x00000000c3600000,0x00000000de101b98,0x00000000e2780000)
 Metaspace       used 3980K, capacity 4636K, committed 4864K, reserved 1056768K
  class space    used 438K, capacity 460K, committed 512K, reserved 1048576K
}
Event: 26,657 GC heap before
{Heap before GC invocations=46 (full 5):
 PSYoungGen      total 217088K, used 205760K [0x00000000ebd00000, 0x0000000100000000, 0x0000000100000000)
  eden space 110592K, 100% used [0x00000000ebd00000,0x00000000f2900000,0x00000000f2900000)
  from space 106496K, 89% used [0x00000000f9800000,0x00000000ff4f0020,0x0000000100000000)
  to   space 110080K, 0% used [0x00000000f2900000,0x00000000f2900000,0x00000000f9480000)
 ParOldGen       total 509440K, used 437254K [0x00000000c3600000, 0x00000000e2780000, 0x00000000ebd00000)
  object space 509440K, 85% used [0x00000000c3600000,0x00000000de101b98,0x00000000e2780000)
 Metaspace       used 3980K, capacity 4636K, committed 4864K, reserved 1056768K
  class space    used 438K, capacity 460K, committed 512K, reserved 1048576K
Event: 26,828 GC heap after
Heap after GC invocations=46 (full 5):
 PSYoungGen      total 220672K, used 84224K [0x00000000ebd00000, 0x0000000100000000, 0x0000000100000000)
  eden space 110592K, 0% used [0x00000000ebd00000,0x00000000ebd00000,0x00000000f2900000)
  from space 110080K, 76% used [0x00000000f2900000,0x00000000f7b40020,0x00000000f9480000)
  to   space 110080K, 0% used [0x00000000f9480000,0x00000000f9480000,0x0000000100000000)
 ParOldGen       total 509440K, used 459110K [0x00000000c3600000, 0x00000000e2780000, 0x00000000ebd00000)
  object space 509440K, 90% used [0x00000000c3600000,0x00000000df659b98,0x00000000e2780000)
 Metaspace       used 3980K, capacity 4636K, committed 4864K, reserved 1056768K
  class space    used 438K, capacity 460K, committed 512K, reserved 1048576K
}
Event: 26,949 GC heap before
{Heap before GC invocations=47 (full 5):
 PSYoungGen      total 220672K, used 194816K [0x00000000ebd00000, 0x0000000100000000, 0x0000000100000000)
  eden space 110592K, 100% used [0x00000000ebd00000,0x00000000f2900000,0x00000000f2900000)
  from space 110080K, 76% used [0x00000000f2900000,0x00000000f7b40020,0x00000000f9480000)
  to   space 110080K, 0% used [0x00000000f9480000,0x00000000f9480000,0x0000000100000000)
 ParOldGen       total 509440K, used 459110K [0x00000000c3600000, 0x00000000e2780000, 0x00000000ebd00000)
  object space 509440K, 90% used [0x00000000c3600000,0x00000000df659b98,0x00000000e2780000)
 Metaspace       used 3980K, capacity 4636K, committed 4864K, reserved 1056768K
  class space    used 438K, capacity 460K, committed 512K, reserved 1048576K
Event: 27,133 GC heap after
Heap after GC invocations=47 (full 5):
 PSYoungGen      total 220672K, used 73088K [0x00000000ebd00000, 0x0000000100000000, 0x0000000100000000)
  eden space 110592K, 0% used [0x00000000ebd00000,0x00000000ebd00000,0x00000000f2900000)
  from space 110080K, 66% used [0x00000000f9480000,0x00000000fdbe0020,0x0000000100000000)
  to   space 110080K, 0% used [0x00000000f2900000,0x00000000f2900000,0x00000000f9480000)
 ParOldGen       total 509440K, used 480998K [0x00000000c3600000, 0x00000000e2780000, 0x00000000ebd00000)
  object space 509440K, 94% used [0x00000000c3600000,0x00000000e0bb9b98,0x00000000e2780000)
 Metaspace       used 3980K, capacity 4636K, committed 4864K, reserved 1056768K
  class space    used 438K, capacity 460K, committed 512K, reserved 1048576K
}
Event: 27,133 GC heap before
{Heap before GC invocations=48 (full 6):
 PSYoungGen      total 220672K, used 73088K [0x00000000ebd00000, 0x0000000100000000, 0x0000000100000000)
  eden space 110592K, 0% used [0x00000000ebd00000,0x00000000ebd00000,0x00000000f2900000)
  from space 110080K, 66% used [0x00000000f9480000,0x00000000fdbe0020,0x0000000100000000)
  to   space 110080K, 0% used [0x00000000f2900000,0x00000000f2900000,0x00000000f9480000)
 ParOldGen       total 509440K, used 480998K [0x00000000c3600000, 0x00000000e2780000, 0x00000000ebd00000)
  object space 509440K, 94% used [0x00000000c3600000,0x00000000e0bb9b98,0x00000000e2780000)
 Metaspace       used 3980K, capacity 4636K, committed 4864K, reserved 1056768K
  class space    used 438K, capacity 460K, committed 512K, reserved 1048576K

