# JRE version: Java(TM) SE Runtime Environment (8.0_60-b27) (build 1.8.0_60-b27)
# Java VM: Java HotSpot(TM) 64-Bit Server VM (25.60-b23 mixed mode linux-amd64 compressed oops)
Heap:
 PSYoungGen      total 303104K, used 0K [0x00000000ebd00000, 0x00000000ffe80000, 0x0000000100000000)
  eden space 278016K, 0% used [0x00000000ebd00000,0x00000000ebd00000,0x00000000fcc80000)
  from space 25088K, 0% used [0x00000000fcc80000,0x00000000fcc80000,0x00000000fe500000)
  to   space 24064K, 0% used [0x00000000fe700000,0x00000000fe700000,0x00000000ffe80000)
 ParOldGen       total 215552K, used 215210K [0x00000000c3600000, 0x00000000d0880000, 0x00000000ebd00000)
  object space 215552K, 99% used [0x00000000c3600000,0x00000000d082aac8,0x00000000d0880000)
 Metaspace       used 3996K, capacity 4636K, committed 4864K, reserved 1056768K
  class space    used 438K, capacity 460K, committed 512K, reserved 1048576K
GC Heap History (10 events):
Event: 85,148 GC heap after
Heap after GC invocations=21 (full 4):
 PSYoungGen      total 301056K, used 7144K [0x00000000ebd00000, 0x00000000fff00000, 0x0000000100000000)
  eden space 271360K, 0% used [0x00000000ebd00000,0x00000000ebd00000,0x00000000fc600000)
  from space 29696K, 24% used [0x00000000fc600000,0x00000000fccfa0c8,0x00000000fe300000)
  to   space 28160K, 0% used [0x00000000fe380000,0x00000000fe380000,0x00000000fff00000)
 ParOldGen       total 215552K, used 158299K [0x00000000c3600000, 0x00000000d0880000, 0x00000000ebd00000)
  object space 215552K, 73% used [0x00000000c3600000,0x00000000cd096c20,0x00000000d0880000)
 Metaspace       used 3996K, capacity 4636K, committed 4864K, reserved 1056768K
  class space    used 438K, capacity 460K, committed 512K, reserved 1048576K
}
Event: 88,451 GC heap before
{Heap before GC invocations=22 (full 4):
 PSYoungGen      total 301056K, used 278504K [0x00000000ebd00000, 0x00000000fff00000, 0x0000000100000000)
  eden space 271360K, 100% used [0x00000000ebd00000,0x00000000fc600000,0x00000000fc600000)
  from space 29696K, 24% used [0x00000000fc600000,0x00000000fccfa0c8,0x00000000fe300000)
  to   space 28160K, 0% used [0x00000000fe380000,0x00000000fe380000,0x00000000fff00000)
 ParOldGen       total 215552K, used 158299K [0x00000000c3600000, 0x00000000d0880000, 0x00000000ebd00000)
  object space 215552K, 73% used [0x00000000c3600000,0x00000000cd096c20,0x00000000d0880000)
 Metaspace       used 3996K, capacity 4636K, committed 4864K, reserved 1056768K
  class space    used 438K, capacity 460K, committed 512K, reserved 1048576K
Event: 92,267 GC heap after
Heap after GC invocations=22 (full 4):
 PSYoungGen      total 298496K, used 13312K [0x00000000ebd00000, 0x00000000ffc80000, 0x0000000100000000)
  eden space 272896K, 0% used [0x00000000ebd00000,0x00000000ebd00000,0x00000000fc780000)
  from space 25600K, 52% used [0x00000000fe380000,0x00000000ff080000,0x00000000ffc80000)
  to   space 27136K, 0% used [0x00000000fc780000,0x00000000fc780000,0x00000000fe200000)
 ParOldGen       total 215552K, used 165475K [0x00000000c3600000, 0x00000000d0880000, 0x00000000ebd00000)
  object space 215552K, 76% used [0x00000000c3600000,0x00000000cd798c20,0x00000000d0880000)
 Metaspace       used 3996K, capacity 4636K, committed 4864K, reserved 1056768K
  class space    used 438K, capacity 460K, committed 512K, reserved 1048576K
}
Event: 92,973 GC heap before
{Heap before GC invocations=23 (full 4):
 PSYoungGen      total 298496K, used 286208K [0x00000000ebd00000, 0x00000000ffc80000, 0x0000000100000000)
  eden space 272896K, 100% used [0x00000000ebd00000,0x00000000fc780000,0x00000000fc780000)
  from space 25600K, 52% used [0x00000000fe380000,0x00000000ff080000,0x00000000ffc80000)
  to   space 27136K, 0% used [0x00000000fc780000,0x00000000fc780000,0x00000000fe200000)
 ParOldGen       total 215552K, used 165475K [0x00000000c3600000, 0x00000000d0880000, 0x00000000ebd00000)
  object space 215552K, 76% used [0x00000000c3600000,0x00000000cd798c20,0x00000000d0880000)
 Metaspace       used 3996K, capacity 4636K, committed 4864K, reserved 1056768K
  class space    used 438K, capacity 460K, committed 512K, reserved 1048576K
Event: 93,931 GC heap after
Heap after GC invocations=23 (full 4):
 PSYoungGen      total 300032K, used 12448K [0x00000000ebd00000, 0x00000000ffe80000, 0x0000000100000000)
  eden space 272896K, 0% used [0x00000000ebd00000,0x00000000ebd00000,0x00000000fc780000)
  from space 27136K, 45% used [0x00000000fc780000,0x00000000fd3a8000,0x00000000fe200000)
  to   space 25600K, 0% used [0x00000000fe580000,0x00000000fe580000,0x00000000ffe80000)
 ParOldGen       total 215552K, used 178775K [0x00000000c3600000, 0x00000000d0880000, 0x00000000ebd00000)
  object space 215552K, 82% used [0x00000000c3600000,0x00000000ce495f78,0x00000000d0880000)
 Metaspace       used 3996K, capacity 4636K, committed 4864K, reserved 1056768K
  class space    used 438K, capacity 460K, committed 512K, reserved 1048576K
}
Event: 94,741 GC heap before
{Heap before GC invocations=24 (full 4):
 PSYoungGen      total 300032K, used 285344K [0x00000000ebd00000, 0x00000000ffe80000, 0x0000000100000000)
  eden space 272896K, 100% used [0x00000000ebd00000,0x00000000fc780000,0x00000000fc780000)
  from space 27136K, 45% used [0x00000000fc780000,0x00000000fd3a8000,0x00000000fe200000)
  to   space 25600K, 0% used [0x00000000fe580000,0x00000000fe580000,0x00000000ffe80000)
 ParOldGen       total 215552K, used 178775K [0x00000000c3600000, 0x00000000d0880000, 0x00000000ebd00000)
  object space 215552K, 82% used [0x00000000c3600000,0x00000000ce495f78,0x00000000d0880000)
 Metaspace       used 3996K, capacity 4636K, committed 4864K, reserved 1056768K
  class space    used 438K, capacity 460K, committed 512K, reserved 1048576K
Event: 102,882 GC heap after
Heap after GC invocations=24 (full 4):
 PSYoungGen      total 302592K, used 12096K [0x00000000ebd00000, 0x00000000ffd80000, 0x0000000100000000)
  eden space 278016K, 0% used [0x00000000ebd00000,0x00000000ebd00000,0x00000000fcc80000)
  from space 24576K, 49% used [0x00000000fe580000,0x00000000ff150000,0x00000000ffd80000)
  to   space 25088K, 0% used [0x00000000fcc80000,0x00000000fcc80000,0x00000000fe500000)
 ParOldGen       total 215552K, used 191204K [0x00000000c3600000, 0x00000000d0880000, 0x00000000ebd00000)
  object space 215552K, 88% used [0x00000000c3600000,0x00000000cf0b92d0,0x00000000d0880000)
 Metaspace       used 3996K, capacity 4636K, committed 4864K, reserved 1056768K
  class space    used 438K, capacity 460K, committed 512K, reserved 1048576K
}
Event: 108,811 GC heap before
{Heap before GC invocations=25 (full 4):
 PSYoungGen      total 302592K, used 290112K [0x00000000ebd00000, 0x00000000ffd80000, 0x0000000100000000)
  eden space 278016K, 100% used [0x00000000ebd00000,0x00000000fcc80000,0x00000000fcc80000)
  from space 24576K, 49% used [0x00000000fe580000,0x00000000ff150000,0x00000000ffd80000)
  to   space 25088K, 0% used [0x00000000fcc80000,0x00000000fcc80000,0x00000000fe500000)
 ParOldGen       total 215552K, used 191204K [0x00000000c3600000, 0x00000000d0880000, 0x00000000ebd00000)
  object space 215552K, 88% used [0x00000000c3600000,0x00000000cf0b92d0,0x00000000d0880000)
 Metaspace       used 3996K, capacity 4636K, committed 4864K, reserved 1056768K
  class space    used 438K, capacity 460K, committed 512K, reserved 1048576K
Event: 115,286 GC heap after
Heap after GC invocations=25 (full 4):
 PSYoungGen      total 303104K, used 12832K [0x00000000ebd00000, 0x00000000ffe80000, 0x0000000100000000)
  eden space 278016K, 0% used [0x00000000ebd00000,0x00000000ebd00000,0x00000000fcc80000)
  from space 25088K, 51% used [0x00000000fcc80000,0x00000000fd908000,0x00000000fe500000)
  to   space 24064K, 0% used [0x00000000fe700000,0x00000000fe700000,0x00000000ffe80000)
 ParOldGen       total 215552K, used 203276K [0x00000000c3600000, 0x00000000d0880000, 0x00000000ebd00000)
  object space 215552K, 94% used [0x00000000c3600000,0x00000000cfc832d0,0x00000000d0880000)
 Metaspace       used 3996K, capacity 4636K, committed 4864K, reserved 1056768K
  class space    used 438K, capacity 460K, committed 512K, reserved 1048576K
}
Event: 115,321 GC heap before
{Heap before GC invocations=26 (full 5):
 PSYoungGen      total 303104K, used 12832K [0x00000000ebd00000, 0x00000000ffe80000, 0x0000000100000000)
  eden space 278016K, 0% used [0x00000000ebd00000,0x00000000ebd00000,0x00000000fcc80000)
  from space 25088K, 51% used [0x00000000fcc80000,0x00000000fd908000,0x00000000fe500000)
  to   space 24064K, 0% used [0x00000000fe700000,0x00000000fe700000,0x00000000ffe80000)
 ParOldGen       total 215552K, used 203276K [0x00000000c3600000, 0x00000000d0880000, 0x00000000ebd00000)
  object space 215552K, 94% used [0x00000000c3600000,0x00000000cfc832d0,0x00000000d0880000)
 Metaspace       used 3996K, capacity 4636K, committed 4864K, reserved 1056768K
  class space    used 438K, capacity 460K, committed 512K, reserved 1048576K

